<?xml version="1.0" encoding="UTF-8"?>
<!-- Generated by org.testng.reporters.JUnitXMLReporter -->
<testsuite ignored="0" hostname="SumathiLaptop" failures="7" tests="26" name="Testedge" time="155.501" errors="0" timestamp="2025-03-06T11:12:38 CST">
  <testcase classname="testNgTests.ArraysTest" name="ArrayPracticeQuestion1" time="1.264"/>
  <testcase classname="testNgTests.ArraysTest" name="ArrayPracticeQuestion1" time="1.687">
    <failure type="java.lang.AssertionError" message="expected [] but found [SyntaxError: unindent does not match any outer indentation level on line 5]">
      <![CDATA[java.lang.AssertionError: expected [] but found [SyntaxError: unindent does not match any outer indentation level on line 5]
at testNgTests.ArraysTest.ArrayPracticeQuestion1(ArraysTest.java:176)
at java.base/java.util.ArrayList.forEach(ArrayList.java:1596)
... Removed 31 stack frames]]>
    </failure>
  </testcase> <!-- ArrayPracticeQuestion1 -->
  <testcase classname="testNgTests.ArraysTest" name="ArrayPracticeQuestion2" time="1.845"/>
  <testcase classname="testNgTests.ArraysTest" name="ArrayPracticeQuestion2" time="1.652">
    <failure type="java.lang.AssertionError" message="expected [] but found [SyntaxError: unindent does not match any outer indentation level on line 5]">
      <![CDATA[java.lang.AssertionError: expected [] but found [SyntaxError: unindent does not match any outer indentation level on line 5]
at testNgTests.ArraysTest.ArrayPracticeQuestion2(ArraysTest.java:237)
at java.base/java.util.ArrayList.forEach(ArrayList.java:1596)
... Removed 31 stack frames]]>
    </failure>
  </testcase> <!-- ArrayPracticeQuestion2 -->
  <testcase classname="testNgTests.ArraysTest" name="ArrayPracticeQuestion3" time="1.921"/>
  <testcase classname="testNgTests.ArraysTest" name="ArrayPracticeQuestion3" time="2.232">
    <failure type="java.lang.AssertionError" message="expected [] but found [SyntaxError: unindent does not match any outer indentation level on line 5]">
      <![CDATA[java.lang.AssertionError: expected [] but found [SyntaxError: unindent does not match any outer indentation level on line 5]
at testNgTests.ArraysTest.ArrayPracticeQuestion3(ArraysTest.java:280)
at java.base/java.util.ArrayList.forEach(ArrayList.java:1596)
... Removed 31 stack frames]]>
    </failure>
  </testcase> <!-- ArrayPracticeQuestion3 -->
  <testcase classname="testNgTests.ArraysTest" name="ArrayPracticeQuestion4" time="2.125"/>
  <testcase classname="testNgTests.ArraysTest" name="ArrayPracticeQuestion4" time="1.739">
    <failure type="java.lang.AssertionError" message="expected [] but found [SyntaxError: unindent does not match any outer indentation level on line 5]">
      <![CDATA[java.lang.AssertionError: expected [] but found [SyntaxError: unindent does not match any outer indentation level on line 5]
at testNgTests.ArraysTest.ArrayPracticeQuestion4(ArraysTest.java:324)
at java.base/java.util.ArrayList.forEach(ArrayList.java:1596)
... Removed 31 stack frames]]>
    </failure>
  </testcase> <!-- ArrayPracticeQuestion4 -->
  <testcase classname="testNgTests.ArraysTest" name="ArraySubmittion" time="3.932"/>
  <testcase classname="testNgTests.ArraysTest" name="ArraySubmittion" time="2.477">
    <failure type="java.lang.AssertionError" message="expected [Submission Successful] but found [Error occurred during submission]">
      <![CDATA[java.lang.AssertionError: expected [Submission Successful] but found [Error occurred during submission]
at testNgTests.ArraysTest.ArraySubmittion(ArraysTest.java:206)
at java.base/java.util.ArrayList.forEach(ArrayList.java:1596)
... Removed 31 stack frames]]>
    </failure>
  </testcase> <!-- ArraySubmittion -->
  <testcase classname="testNgTests.ArraysTest" name="clickApplicationsOfArray" time="0.23"/>
  <testcase classname="testNgTests.ArraysTest" name="clickArray_Dropdown" time="0.305"/>
  <testcase classname="testNgTests.ArraysTest" name="clickArraysUsingList" time="0.315"/>
  <testcase classname="testNgTests.ArraysTest" name="clickArraysinPython" time="0.378"/>
  <testcase classname="testNgTests.ArraysTest" name="clickBasicOperationsInLists" time="0.26"/>
  <testcase classname="testNgTests.ArraysTest" name="clickFindNumswithEvenNumberOfDigits" time="1.075"/>
  <testcase classname="testNgTests.ArraysTest" name="clickMaxConsecutiveones" time="1.116"/>
  <testcase classname="testNgTests.ArraysTest" name="clickPracticeQuestions" time="0.413"/>
  <testcase classname="testNgTests.ArraysTest" name="clickSearchTheArray" time="1.153"/>
  <testcase classname="testNgTests.ArraysTest" name="clickSquaresofSortedArray" time="1.087"/>
  <testcase classname="testNgTests.ArraysTest" name="clickTryHere" time="11.48">
    <failure type="java.lang.AssertionError" message="expected [true] but found [false]">
      <![CDATA[java.lang.AssertionError: expected [true] but found [false]
at testNgTests.ArraysTest.clickTryHere(ArraysTest.java:48)
at java.base/java.util.ArrayList.forEach(ArrayList.java:1596)
... Removed 32 stack frames]]>
    </failure>
  </testcase> <!-- clickTryHere -->
  <testcase classname="testNgTests.ArraysTest" name="clickTryHere1" time="11.147">
    <failure type="java.lang.AssertionError" message="expected [true] but found [false]">
      <![CDATA[java.lang.AssertionError: expected [true] but found [false]
at testNgTests.ArraysTest.clickTryHere1(ArraysTest.java:90)
at java.base/java.util.ArrayList.forEach(ArrayList.java:1596)
... Removed 32 stack frames]]>
    </failure>
  </testcase> <!-- clickTryHere1 -->
  <testcase classname="testNgTests.ArraysTest" name="testPythoncode" time="1.057"/>
  <testcase classname="testNgTests.ArraysTest" name="testPythoncode" time="11.349"/>
  <testcase classname="testNgTests.ArraysTest" name="testPythoncode1" time="0.92"/>
  <testcase classname="testNgTests.ArraysTest" name="testPythoncode1" time="11.194"/>
</testsuite> <!-- Testedge -->
