<?xml version="1.0" encoding="UTF-8"?>
<!-- Generated by org.testng.reporters.JUnitXMLReporter -->
<testsuite ignored="0" hostname="SumathiLaptop" failures="18" tests="153" name="Test" time="1092.608" errors="0" timestamp="2025-03-06T15:38:27 CST">
  <testcase classname="BaseClass.BaseTest" name="@BeforeMethod setup" time="1.171">
    <failure type="org.openqa.selenium.WebDriverException" message="unknown error: JavaScript code failed
from unknown command: &amp;apos;Runtime.evaluate&amp;apos; wasn&amp;apos;t found
  (Session info: chrome=133.0.6943.142)
Build info: version: &amp;apos;4.27.0&amp;apos;, revision: &amp;apos;d6e718d134&amp;apos;
System info: os.name: &amp;apos;Windows 11&amp;apos;, os.arch: &amp;apos;amd64&amp;apos;, os.version: &amp;apos;10.0&amp;apos;, java.version: &amp;apos;21.0.5&amp;apos;
Driver info: org.openqa.selenium.chrome.ChromeDriver
Command: [2ec0ec6bb0555ed8f78869c31f901001, maximizeCurrentWindow {}]
Capabilities {acceptInsecureCerts: false, browserName: chrome, browserVersion: 133.0.6943.142, chrome: {chromedriverVersion: 133.0.6943.141 (2a5d6da0d61..., userDataDir: C:\Users\rakhy\AppData\Loca...}, fedcm:accounts: true, goog:chromeOptions: {debuggerAddress: localhost:61884}, networkConnectionEnabled: false, pageLoadStrategy: normal, platformName: windows, proxy: Proxy(), se:cdp: ws://localhost:61884/devtoo..., se:cdpVersion: 133.0.6943.142, setWindowRect: true, strictFileInteractability: false, timeouts: {implicit: 0, pageLoad: 300000, script: 30000}, unhandledPromptBehavior: dismiss and notify, webauthn:extension:credBlob: true, webauthn:extension:largeBlob: true, webauthn:extension:minPinLength: true, webauthn:extension:prf: true, webauthn:virtualAuthenticators: true}
Session ID: 2ec0ec6bb0555ed8f78869c31f901001">
      <![CDATA[org.openqa.selenium.WebDriverException: unknown error: JavaScript code failed
from unknown command: 'Runtime.evaluate' wasn't found
  (Session info: chrome=133.0.6943.142)
Build info: version: '4.27.0', revision: 'd6e718d134'
System info: os.name: 'Windows 11', os.arch: 'amd64', os.version: '10.0', java.version: '21.0.5'
Driver info: org.openqa.selenium.chrome.ChromeDriver
Command: [2ec0ec6bb0555ed8f78869c31f901001, maximizeCurrentWindow {}]
Capabilities {acceptInsecureCerts: false, browserName: chrome, browserVersion: 133.0.6943.142, chrome: {chromedriverVersion: 133.0.6943.141 (2a5d6da0d61..., userDataDir: C:\Users\rakhy\AppData\Loca...}, fedcm:accounts: true, goog:chromeOptions: {debuggerAddress: localhost:61884}, networkConnectionEnabled: false, pageLoadStrategy: normal, platformName: windows, proxy: Proxy(), se:cdp: ws://localhost:61884/devtoo..., se:cdpVersion: 133.0.6943.142, setWindowRect: true, strictFileInteractability: false, timeouts: {implicit: 0, pageLoad: 300000, script: 30000}, unhandledPromptBehavior: dismiss and notify, webauthn:extension:credBlob: true, webauthn:extension:largeBlob: true, webauthn:extension:minPinLength: true, webauthn:extension:prf: true, webauthn:virtualAuthenticators: true}
Session ID: 2ec0ec6bb0555ed8f78869c31f901001
at org.openqa.selenium.remote.ErrorCodec.decode(ErrorCodec.java:167)
at org.openqa.selenium.remote.codec.w3c.W3CHttpResponseCodec.decode(W3CHttpResponseCodec.java:138)
at org.openqa.selenium.remote.codec.w3c.W3CHttpResponseCodec.decode(W3CHttpResponseCodec.java:50)
at org.openqa.selenium.remote.HttpCommandExecutor.execute(HttpCommandExecutor.java:190)
at org.openqa.selenium.remote.service.DriverCommandExecutor.invokeExecute(DriverCommandExecutor.java:216)
at org.openqa.selenium.remote.service.DriverCommandExecutor.execute(DriverCommandExecutor.java:174)
at org.openqa.selenium.remote.RemoteWebDriver.execute(RemoteWebDriver.java:545)
at org.openqa.selenium.remote.RemoteWebDriver.execute(RemoteWebDriver.java:618)
at org.openqa.selenium.remote.RemoteWebDriver.execute(RemoteWebDriver.java:622)
at org.openqa.selenium.remote.RemoteWebDriver$RemoteWebDriverOptions$RemoteWindow.maximize(RemoteWebDriver.java:1061)
at webdrivermanager.DriverFactory.init_driver(DriverFactory.java:46)
at BaseClass.BaseTest.setup(BaseTest.java:48)
at java.base/java.util.ArrayList.forEach(ArrayList.java:1596)
... Removed 32 stack frames]]>
    </failure>
  </testcase> <!-- @BeforeMethod setup -->
  <testcase classname="testNgTests.QueueTest" name="@BeforeMethod Navigation_to_queuePage" time="0.0">
    <skipped/>
  </testcase> <!-- @BeforeMethod Navigation_to_queuePage -->
  <testcase classname="BaseClass.BaseTest" name="@AfterMethod tearDown" time="0.0">
    <skipped/>
  </testcase> <!-- @AfterMethod tearDown -->
  <testcase classname="BaseClass.BaseTest" name="@BeforeMethod setup" time="0.0">
    <skipped/>
  </testcase> <!-- @BeforeMethod setup -->
  <testcase classname="testNgTests.QueueTest" name="@BeforeMethod Navigation_to_queuePage" time="0.0">
    <skipped/>
  </testcase> <!-- @BeforeMethod Navigation_to_queuePage -->
  <testcase classname="BaseClass.BaseTest" name="@AfterMethod tearDown" time="0.0">
    <skipped/>
  </testcase> <!-- @AfterMethod tearDown -->
  <testcase classname="BaseClass.BaseTest" name="@BeforeMethod setup" time="0.0">
    <skipped/>
  </testcase> <!-- @BeforeMethod setup -->
  <testcase classname="testNgTests.QueueTest" name="@BeforeMethod Navigation_to_queuePage" time="0.0">
    <skipped/>
  </testcase> <!-- @BeforeMethod Navigation_to_queuePage -->
  <testcase classname="BaseClass.BaseTest" name="@AfterMethod tearDown" time="0.0">
    <skipped/>
  </testcase> <!-- @AfterMethod tearDown -->
  <testcase classname="BaseClass.BaseTest" name="@BeforeMethod setup" time="0.0">
    <skipped/>
  </testcase> <!-- @BeforeMethod setup -->
  <testcase classname="testNgTests.QueueTest" name="@BeforeMethod Navigation_to_queuePage" time="0.0">
    <skipped/>
  </testcase> <!-- @BeforeMethod Navigation_to_queuePage -->
  <testcase classname="BaseClass.BaseTest" name="@AfterMethod tearDown" time="0.0">
    <skipped/>
  </testcase> <!-- @AfterMethod tearDown -->
  <testcase classname="BaseClass.BaseTest" name="@BeforeMethod setup" time="0.0">
    <skipped/>
  </testcase> <!-- @BeforeMethod setup -->
  <testcase classname="testNgTests.QueueTest" name="@BeforeMethod Navigation_to_queuePage" time="0.0">
    <skipped/>
  </testcase> <!-- @BeforeMethod Navigation_to_queuePage -->
  <testcase classname="BaseClass.BaseTest" name="@AfterMethod tearDown" time="0.0">
    <skipped/>
  </testcase> <!-- @AfterMethod tearDown -->
  <testcase classname="BaseClass.BaseTest" name="@BeforeMethod setup" time="0.0">
    <skipped/>
  </testcase> <!-- @BeforeMethod setup -->
  <testcase classname="testNgTests.QueueTest" name="@BeforeMethod Navigation_to_queuePage" time="0.0">
    <skipped/>
  </testcase> <!-- @BeforeMethod Navigation_to_queuePage -->
  <testcase classname="BaseClass.BaseTest" name="@AfterMethod tearDown" time="0.0">
    <skipped/>
  </testcase> <!-- @AfterMethod tearDown -->
  <testcase classname="BaseClass.BaseTest" name="@BeforeMethod setup" time="0.0">
    <skipped/>
  </testcase> <!-- @BeforeMethod setup -->
  <testcase classname="testNgTests.QueueTest" name="@BeforeMethod Navigation_to_queuePage" time="0.0">
    <skipped/>
  </testcase> <!-- @BeforeMethod Navigation_to_queuePage -->
  <testcase classname="BaseClass.BaseTest" name="@AfterMethod tearDown" time="0.0">
    <skipped/>
  </testcase> <!-- @AfterMethod tearDown -->
  <testcase classname="BaseClass.BaseTest" name="@BeforeMethod setup" time="0.0">
    <skipped/>
  </testcase> <!-- @BeforeMethod setup -->
  <testcase classname="testNgTests.QueueTest" name="@BeforeMethod Navigation_to_queuePage" time="0.0">
    <skipped/>
  </testcase> <!-- @BeforeMethod Navigation_to_queuePage -->
  <testcase classname="BaseClass.BaseTest" name="@AfterMethod tearDown" time="0.0">
    <skipped/>
  </testcase> <!-- @AfterMethod tearDown -->
  <testcase classname="BaseClass.BaseTest" name="@BeforeMethod setup" time="0.0">
    <skipped/>
  </testcase> <!-- @BeforeMethod setup -->
  <testcase classname="testNgTests.QueueTest" name="@BeforeMethod Navigation_to_queuePage" time="0.0">
    <skipped/>
  </testcase> <!-- @BeforeMethod Navigation_to_queuePage -->
  <testcase classname="BaseClass.BaseTest" name="@AfterMethod tearDown" time="0.0">
    <skipped/>
  </testcase> <!-- @AfterMethod tearDown -->
  <testcase classname="BaseClass.BaseTest" name="@BeforeMethod setup" time="0.0">
    <skipped/>
  </testcase> <!-- @BeforeMethod setup -->
  <testcase classname="testNgTests.QueueTest" name="@BeforeMethod Navigation_to_queuePage" time="0.0">
    <skipped/>
  </testcase> <!-- @BeforeMethod Navigation_to_queuePage -->
  <testcase classname="BaseClass.BaseTest" name="@AfterMethod tearDown" time="0.0">
    <skipped/>
  </testcase> <!-- @AfterMethod tearDown -->
  <testcase classname="BaseClass.BaseTest" name="@BeforeMethod setup" time="0.0">
    <skipped/>
  </testcase> <!-- @BeforeMethod setup -->
  <testcase classname="testNgTests.QueueTest" name="@BeforeMethod Navigation_to_queuePage" time="0.0">
    <skipped/>
  </testcase> <!-- @BeforeMethod Navigation_to_queuePage -->
  <testcase classname="BaseClass.BaseTest" name="@AfterMethod tearDown" time="0.0">
    <skipped/>
  </testcase> <!-- @AfterMethod tearDown -->
  <testcase classname="BaseClass.BaseTest" name="@BeforeMethod setup" time="0.0">
    <skipped/>
  </testcase> <!-- @BeforeMethod setup -->
  <testcase classname="testNgTests.QueueTest" name="@BeforeMethod Navigation_to_queuePage" time="0.0">
    <skipped/>
  </testcase> <!-- @BeforeMethod Navigation_to_queuePage -->
  <testcase classname="BaseClass.BaseTest" name="@AfterMethod tearDown" time="0.0">
    <skipped/>
  </testcase> <!-- @AfterMethod tearDown -->
  <testcase classname="BaseClass.BaseTest" name="@BeforeMethod setup" time="0.0">
    <skipped/>
  </testcase> <!-- @BeforeMethod setup -->
  <testcase classname="testNgTests.QueueTest" name="@BeforeMethod Navigation_to_queuePage" time="0.0">
    <skipped/>
  </testcase> <!-- @BeforeMethod Navigation_to_queuePage -->
  <testcase classname="BaseClass.BaseTest" name="@AfterMethod tearDown" time="0.0">
    <skipped/>
  </testcase> <!-- @AfterMethod tearDown -->
  <testcase classname="BaseClass.BaseTest" name="@BeforeMethod setup" time="0.0">
    <skipped/>
  </testcase> <!-- @BeforeMethod setup -->
  <testcase classname="testNgTests.QueueTest" name="@BeforeMethod Navigation_to_queuePage" time="0.0">
    <skipped/>
  </testcase> <!-- @BeforeMethod Navigation_to_queuePage -->
  <testcase classname="BaseClass.BaseTest" name="@AfterMethod tearDown" time="0.0">
    <skipped/>
  </testcase> <!-- @AfterMethod tearDown -->
  <testcase classname="BaseClass.BaseTest" name="@BeforeMethod setup" time="0.0">
    <skipped/>
  </testcase> <!-- @BeforeMethod setup -->
  <testcase classname="testNgTests.QueueTest" name="@BeforeMethod Navigation_to_queuePage" time="0.0">
    <skipped/>
  </testcase> <!-- @BeforeMethod Navigation_to_queuePage -->
  <testcase classname="BaseClass.BaseTest" name="@AfterMethod tearDown" time="0.0">
    <skipped/>
  </testcase> <!-- @AfterMethod tearDown -->
  <testcase classname="testNgTests.HomeTest" name="Array" time="0.35"/>
  <testcase classname="testNgTests.HomeTest" name="DS_Introduction" time="0.372"/>
  <testcase classname="testNgTests.HomeTest" name="DataStructure_DropDown" time="0.139">
    <failure type="java.lang.AssertionError" message="expected [7] but found [6]">
      <![CDATA[java.lang.AssertionError: expected [7] but found [6]
at testNgTests.HomeTest.DataStructure_DropDown(HomeTest.java:92)
at java.base/java.util.ArrayList.forEach(ArrayList.java:1596)
... Removed 32 stack frames]]>
    </failure>
  </testcase> <!-- DataStructure_DropDown -->
  <testcase classname="testNgTests.HomeTest" name="Linked_List" time="0.321"/>
  <testcase classname="testNgTests.HomeTest" name="Queue" time="0.298"/>
  <testcase classname="testNgTests.HomeTest" name="Stack" time="0.308"/>
  <testcase classname="testNgTests.HomeTest" name="Tree" time="0.276"/>
  <testcase classname="testNgTests.HomeTest" name="graph" time="0.309"/>
  <testcase classname="testNgTests.HomeTest" name="register" time="0.234"/>
  <testcase classname="testNgTests.HomeTest" name="signIn" time="0.179"/>
  <testcase classname="testNgTests.LoginTest" name="GetStarted_DS" time="1.28"/>
  <testcase classname="testNgTests.LoginTest" name="Logintest" time="0.849"/>
  <testcase classname="testNgTests.LoginTest" name="Logintest" time="0.865"/>
  <testcase classname="testNgTests.LoginTest" name="Logintest" time="0.932"/>
  <testcase classname="testNgTests.LoginTest" name="checkEmptyPasswordField" time="0.236"/>
  <testcase classname="testNgTests.LoginTest" name="checkEmptyUserField" time="0.232"/>
  <testcase classname="testNgTests.LoginTest" name="getStarted_Array" time="1.41"/>
  <testcase classname="testNgTests.LoginTest" name="getStarted_Graph" time="1.185"/>
  <testcase classname="testNgTests.LoginTest" name="getStarted_Linkedlist" time="1.38"/>
  <testcase classname="testNgTests.LoginTest" name="getStarted_Queue" time="1.398"/>
  <testcase classname="testNgTests.LoginTest" name="getStarted_Stack" time="1.267"/>
  <testcase classname="testNgTests.LoginTest" name="getStarted_Tree" time="1.319"/>
  <testcase classname="testNgTests.Registration" name="navigatetiRegistration" time="0.348"/>
  <testcase classname="testNgTests.Registration" name="testEmptyFieldRegistration" time="0.264"/>
  <testcase classname="testNgTests.Registration" name="testExistingUser" time="0.739">
    <failure type="java.lang.AssertionError" message="expected [existing user] but found [password_mismatch:The two password fields didn’t match.]">
      <![CDATA[java.lang.AssertionError: expected [existing user] but found [password_mismatch:The two password fields didn’t match.]
at testNgTests.Registration.testExistingUser(Registration.java:50)
at java.base/java.util.ArrayList.forEach(ArrayList.java:1596)
... Removed 31 stack frames]]>
    </failure>
  </testcase> <!-- testExistingUser -->
  <testcase classname="testNgTests.Registration" name="testMismatchedPassword" time="30.474">
    <failure type="org.openqa.selenium.NoSuchElementException" message="no such element: Unable to locate element: {&amp;quot;method&amp;quot;:&amp;quot;xpath&amp;quot;,&amp;quot;selector&amp;quot;:&amp;quot;//div[contains(@class, &amp;apos;alert&amp;apos;) and @role=&amp;apos;alert&amp;apos;]&amp;quot;}
  (Session info: chrome=133.0.6943.142)
For documentation on this error, please visit: https://www.selenium.dev/documentation/webdriver/troubleshooting/errors#no-such-element-exception
Build info: version: &amp;apos;4.27.0&amp;apos;, revision: &amp;apos;d6e718d134&amp;apos;
System info: os.name: &amp;apos;Windows 11&amp;apos;, os.arch: &amp;apos;amd64&amp;apos;, os.version: &amp;apos;10.0&amp;apos;, java.version: &amp;apos;21.0.5&amp;apos;
Driver info: org.openqa.selenium.chrome.ChromeDriver
Command: [2b9913b961148735e9a94bb2d234697d, findElement {using=xpath, value=//div[contains(@class, &amp;apos;alert&amp;apos;) and @role=&amp;apos;alert&amp;apos;]}]
Capabilities {acceptInsecureCerts: false, browserName: chrome, browserVersion: 133.0.6943.142, chrome: {chromedriverVersion: 133.0.6943.141 (2a5d6da0d61..., userDataDir: C:\Users\rakhy\AppData\Loca...}, fedcm:accounts: true, goog:chromeOptions: {debuggerAddress: localhost:57895}, networkConnectionEnabled: false, pageLoadStrategy: normal, platformName: windows, proxy: Proxy(), se:cdp: ws://localhost:57895/devtoo..., se:cdpVersion: 133.0.6943.142, setWindowRect: true, strictFileInteractability: false, timeouts: {implicit: 0, pageLoad: 300000, script: 30000}, unhandledPromptBehavior: dismiss and notify, webauthn:extension:credBlob: true, webauthn:extension:largeBlob: true, webauthn:extension:minPinLength: true, webauthn:extension:prf: true, webauthn:virtualAuthenticators: true}
Session ID: 2b9913b961148735e9a94bb2d234697d">
      <![CDATA[org.openqa.selenium.NoSuchElementException: no such element: Unable to locate element: {"method":"xpath","selector":"//div[contains(@class, 'alert') and @role='alert']"}
  (Session info: chrome=133.0.6943.142)
For documentation on this error, please visit: https://www.selenium.dev/documentation/webdriver/troubleshooting/errors#no-such-element-exception
Build info: version: '4.27.0', revision: 'd6e718d134'
System info: os.name: 'Windows 11', os.arch: 'amd64', os.version: '10.0', java.version: '21.0.5'
Driver info: org.openqa.selenium.chrome.ChromeDriver
Command: [2b9913b961148735e9a94bb2d234697d, findElement {using=xpath, value=//div[contains(@class, 'alert') and @role='alert']}]
Capabilities {acceptInsecureCerts: false, browserName: chrome, browserVersion: 133.0.6943.142, chrome: {chromedriverVersion: 133.0.6943.141 (2a5d6da0d61..., userDataDir: C:\Users\rakhy\AppData\Loca...}, fedcm:accounts: true, goog:chromeOptions: {debuggerAddress: localhost:57895}, networkConnectionEnabled: false, pageLoadStrategy: normal, platformName: windows, proxy: Proxy(), se:cdp: ws://localhost:57895/devtoo..., se:cdpVersion: 133.0.6943.142, setWindowRect: true, strictFileInteractability: false, timeouts: {implicit: 0, pageLoad: 300000, script: 30000}, unhandledPromptBehavior: dismiss and notify, webauthn:extension:credBlob: true, webauthn:extension:largeBlob: true, webauthn:extension:minPinLength: true, webauthn:extension:prf: true, webauthn:virtualAuthenticators: true}
Session ID: 2b9913b961148735e9a94bb2d234697d
at org.openqa.selenium.remote.ErrorCodec.decode(ErrorCodec.java:167)
at org.openqa.selenium.remote.codec.w3c.W3CHttpResponseCodec.decode(W3CHttpResponseCodec.java:138)
at org.openqa.selenium.remote.codec.w3c.W3CHttpResponseCodec.decode(W3CHttpResponseCodec.java:50)
at org.openqa.selenium.remote.HttpCommandExecutor.execute(HttpCommandExecutor.java:190)
at org.openqa.selenium.remote.service.DriverCommandExecutor.invokeExecute(DriverCommandExecutor.java:216)
at org.openqa.selenium.remote.service.DriverCommandExecutor.execute(DriverCommandExecutor.java:174)
at org.openqa.selenium.remote.RemoteWebDriver.execute(RemoteWebDriver.java:545)
at org.openqa.selenium.remote.ElementLocation$ElementFinder$2.findElement(ElementLocation.java:165)
at org.openqa.selenium.remote.ElementLocation.findElement(ElementLocation.java:59)
at org.openqa.selenium.remote.RemoteWebDriver.findElement(RemoteWebDriver.java:368)
at org.openqa.selenium.remote.RemoteWebDriver.findElement(RemoteWebDriver.java:362)
at pageobject.Registrationpage.mismatchpassworderror(Registrationpage.java:52)
at testNgTests.Registration.testMismatchedPassword(Registration.java:40)
at java.base/java.util.ArrayList.forEach(ArrayList.java:1596)
... Removed 28 stack frames]]>
    </failure>
  </testcase> <!-- testMismatchedPassword -->
  <testcase classname="testNgTests.Registration" name="testRedirectToLoginPage" time="0.318"/>
  <testcase classname="testNgTests.Registration" name="testUserIdDisplay" time="0.227"/>
  <testcase classname="testNgTests.Registration" name="testValidRegistration" time="1.163"/>
  <testcase classname="testNgTests.ArraysTest" name="ArrayPracticeQuestion1" time="1.473"/>
  <testcase classname="testNgTests.ArraysTest" name="ArrayPracticeQuestion1" time="3.724">
    <failure type="java.lang.AssertionError" message="expected [] but found [SyntaxError: unindent does not match any outer indentation level on line 5]">
      <![CDATA[java.lang.AssertionError: expected [] but found [SyntaxError: unindent does not match any outer indentation level on line 5]
at testNgTests.ArraysTest.ArrayPracticeQuestion1(ArraysTest.java:176)
at java.base/java.util.ArrayList.forEach(ArrayList.java:1596)
... Removed 31 stack frames]]>
    </failure>
  </testcase> <!-- ArrayPracticeQuestion1 -->
  <testcase classname="testNgTests.ArraysTest" name="ArrayPracticeQuestion2" time="2.232"/>
  <testcase classname="testNgTests.ArraysTest" name="ArrayPracticeQuestion2" time="3.725">
    <failure type="java.lang.AssertionError" message="expected [] but found [SyntaxError: unindent does not match any outer indentation level on line 5]">
      <![CDATA[java.lang.AssertionError: expected [] but found [SyntaxError: unindent does not match any outer indentation level on line 5]
at testNgTests.ArraysTest.ArrayPracticeQuestion2(ArraysTest.java:237)
at java.base/java.util.ArrayList.forEach(ArrayList.java:1596)
... Removed 31 stack frames]]>
    </failure>
  </testcase> <!-- ArrayPracticeQuestion2 -->
  <testcase classname="testNgTests.ArraysTest" name="ArrayPracticeQuestion3" time="2.216"/>
  <testcase classname="testNgTests.ArraysTest" name="ArrayPracticeQuestion3" time="3.869">
    <failure type="java.lang.AssertionError" message="expected [] but found [SyntaxError: unindent does not match any outer indentation level on line 5]">
      <![CDATA[java.lang.AssertionError: expected [] but found [SyntaxError: unindent does not match any outer indentation level on line 5]
at testNgTests.ArraysTest.ArrayPracticeQuestion3(ArraysTest.java:280)
at java.base/java.util.ArrayList.forEach(ArrayList.java:1596)
... Removed 31 stack frames]]>
    </failure>
  </testcase> <!-- ArrayPracticeQuestion3 -->
  <testcase classname="testNgTests.ArraysTest" name="ArrayPracticeQuestion4" time="2.288"/>
  <testcase classname="testNgTests.ArraysTest" name="ArrayPracticeQuestion4" time="3.997">
    <failure type="java.lang.AssertionError" message="expected [] but found [SyntaxError: unindent does not match any outer indentation level on line 5]">
      <![CDATA[java.lang.AssertionError: expected [] but found [SyntaxError: unindent does not match any outer indentation level on line 5]
at testNgTests.ArraysTest.ArrayPracticeQuestion4(ArraysTest.java:324)
at java.base/java.util.ArrayList.forEach(ArrayList.java:1596)
... Removed 31 stack frames]]>
    </failure>
  </testcase> <!-- ArrayPracticeQuestion4 -->
  <testcase classname="testNgTests.ArraysTest" name="ArraySubmittion" time="2.003"/>
  <testcase classname="testNgTests.ArraysTest" name="ArraySubmittion" time="4.266">
    <failure type="java.lang.AssertionError" message="expected [Submission Successful] but found [Error occurred during submission]">
      <![CDATA[java.lang.AssertionError: expected [Submission Successful] but found [Error occurred during submission]
at testNgTests.ArraysTest.ArraySubmittion(ArraysTest.java:206)
at java.base/java.util.ArrayList.forEach(ArrayList.java:1596)
... Removed 31 stack frames]]>
    </failure>
  </testcase> <!-- ArraySubmittion -->
  <testcase classname="testNgTests.ArraysTest" name="clickApplicationsOfArray" time="0.346"/>
  <testcase classname="testNgTests.ArraysTest" name="clickArray_Dropdown" time="0.346"/>
  <testcase classname="testNgTests.ArraysTest" name="clickArraysUsingList" time="0.329"/>
  <testcase classname="testNgTests.ArraysTest" name="clickArraysinPython" time="0.753"/>
  <testcase classname="testNgTests.ArraysTest" name="clickBasicOperationsInLists" time="0.321"/>
  <testcase classname="testNgTests.ArraysTest" name="clickFindNumswithEvenNumberOfDigits" time="1.278"/>
  <testcase classname="testNgTests.ArraysTest" name="clickMaxConsecutiveones" time="1.191"/>
  <testcase classname="testNgTests.ArraysTest" name="clickPracticeQuestions" time="0.573"/>
  <testcase classname="testNgTests.ArraysTest" name="clickSearchTheArray" time="1.087"/>
  <testcase classname="testNgTests.ArraysTest" name="clickSquaresofSortedArray" time="1.178"/>
  <testcase classname="testNgTests.ArraysTest" name="clickTryHere" time="11.376">
    <failure type="java.lang.AssertionError" message="expected [true] but found [false]">
      <![CDATA[java.lang.AssertionError: expected [true] but found [false]
at testNgTests.ArraysTest.clickTryHere(ArraysTest.java:48)
at java.base/java.util.ArrayList.forEach(ArrayList.java:1596)
... Removed 32 stack frames]]>
    </failure>
  </testcase> <!-- clickTryHere -->
  <testcase classname="testNgTests.ArraysTest" name="clickTryHere1" time="11.264">
    <failure type="java.lang.AssertionError" message="expected [true] but found [false]">
      <![CDATA[java.lang.AssertionError: expected [true] but found [false]
at testNgTests.ArraysTest.clickTryHere1(ArraysTest.java:90)
at java.base/java.util.ArrayList.forEach(ArrayList.java:1596)
... Removed 32 stack frames]]>
    </failure>
  </testcase> <!-- clickTryHere1 -->
  <testcase classname="testNgTests.ArraysTest" name="testPythoncode" time="1.396"/>
  <testcase classname="testNgTests.ArraysTest" name="testPythoncode" time="11.628"/>
  <testcase classname="testNgTests.ArraysTest" name="testPythoncode1" time="1.108"/>
  <testcase classname="testNgTests.ArraysTest" name="testPythoncode1" time="11.462"/>
  <testcase classname="testNgTests.StackTest" name="Click_TryhereINImplementation" time="11.402">
    <failure type="java.lang.AssertionError" message="expected [true] but found [false]">
      <![CDATA[java.lang.AssertionError: expected [true] but found [false]
at testNgTests.StackTest.Click_TryhereINImplementation(StackTest.java:95)
at java.base/java.util.ArrayList.forEach(ArrayList.java:1596)
... Removed 32 stack frames]]>
    </failure>
  </testcase> <!-- Click_TryhereINImplementation -->
  <testcase classname="testNgTests.StackTest" name="Invalid_pythonCode" time="0.984"/>
  <testcase classname="testNgTests.StackTest" name="Invalid_pythonCode" time="11.259"/>
  <testcase classname="testNgTests.StackTest" name="clickApplication" time="11.214">
    <failure type="java.lang.AssertionError" message="expected [true] but found [false]">
      <![CDATA[java.lang.AssertionError: expected [true] but found [false]
at testNgTests.StackTest.clickApplication(StackTest.java:131)
at java.base/java.util.ArrayList.forEach(ArrayList.java:1596)
... Removed 32 stack frames]]>
    </failure>
  </testcase> <!-- clickApplication -->
  <testcase classname="testNgTests.StackTest" name="testPythoncode" time="1.113"/>
  <testcase classname="testNgTests.StackTest" name="testPythoncode" time="11.487"/>
  <testcase classname="testNgTests.DataStructures" name="clickDSIntrofromDropDown" time="0.119"/>
  <testcase classname="testNgTests.DataStructures" name="clickTimeComplexityTryHere" time="11.22">
    <failure type="java.lang.AssertionError" message="expected [true] but found [false]">
      <![CDATA[java.lang.AssertionError: expected [true] but found [false]
at testNgTests.DataStructures.clickTimeComplexityTryHere(DataStructures.java:56)
at java.base/java.util.ArrayList.forEach(ArrayList.java:1596)
... Removed 32 stack frames]]>
    </failure>
  </testcase> <!-- clickTimeComplexityTryHere -->
  <testcase classname="testNgTests.DataStructures" name="navigateToPracticeQuestions" time="0.497"/>
  <testcase classname="testNgTests.DataStructures" name="navigateToTimeComplexity" time="0.286"/>
  <testcase classname="testNgTests.DataStructures" name="testPythoncode" time="1.181"/>
  <testcase classname="testNgTests.DataStructures" name="testPythoncode" time="11.327"/>
  <testcase classname="testNgTests.Graph" name="GraphGetStartedButton" time="0.322"/>
  <testcase classname="testNgTests.Graph" name="PracticeQuestions" time="0.64"/>
  <testcase classname="testNgTests.Graph" name="clickGraph" time="0.299"/>
  <testcase classname="testNgTests.Graph" name="clickGraphRepresentations" time="0.432"/>
  <testcase classname="testNgTests.Graph" name="clickGraphRepresentationsTryHere" time="11.304">
    <failure type="java.lang.AssertionError" message="expected [true] but found [false]">
      <![CDATA[java.lang.AssertionError: expected [true] but found [false]
at testNgTests.Graph.clickGraphRepresentationsTryHere(Graph.java:88)
at java.base/java.util.ArrayList.forEach(ArrayList.java:1596)
... Removed 32 stack frames]]>
    </failure>
  </testcase> <!-- clickGraphRepresentationsTryHere -->
  <testcase classname="testNgTests.Graph" name="clickGraphTryHere" time="11.244">
    <failure type="java.lang.AssertionError" message="expected [true] but found [false]">
      <![CDATA[java.lang.AssertionError: expected [true] but found [false]
at testNgTests.Graph.clickGraphTryHere(Graph.java:48)
at java.base/java.util.ArrayList.forEach(ArrayList.java:1596)
... Removed 32 stack frames]]>
    </failure>
  </testcase> <!-- clickGraphTryHere -->
  <testcase classname="testNgTests.Graph" name="testPythonCodeforGraphRepresentation" time="1.671"/>
  <testcase classname="testNgTests.Graph" name="testPythonCodeforGraphRepresentation" time="11.422"/>
  <testcase classname="testNgTests.Graph" name="testPythoncode" time="1.106"/>
  <testcase classname="testNgTests.Graph" name="testPythoncode" time="12.111"/>
  <testcase classname="testNgTests.Graph" name="testSignOut" time="0.522"/>
  <testcase classname="testNgTests.StackTest" name="clickStackfromDropDown" time="0.308"/>
  <testcase classname="testNgTests.QueueTest" name="TC_01_ImplementationofQueueinPython" time="0.335"/>
  <testcase classname="testNgTests.TreeTest" name="TC_01_OverviewOfTrees" time="0.296"/>
  <testcase classname="testNgTests.StackTest" name="OperationsIN_Stack" time="0.368"/>
  <testcase classname="testNgTests.QueueTest" name="TC_02_ImplementationOfBSTPageTryHere" time="0.961"/>
  <testcase classname="testNgTests.TreeTest" name="TC_02_OverviewOfTreesTryHere" time="0.923"/>
  <testcase classname="testNgTests.StackTest" name="clickTryHere" time="11.317">
    <failure type="java.lang.AssertionError" message="expected [true] but found [false]">
      <![CDATA[java.lang.AssertionError: expected [true] but found [false]
at testNgTests.StackTest.clickTryHere(StackTest.java:50)
at java.base/java.util.ArrayList.forEach(ArrayList.java:1596)
... Removed 32 stack frames]]>
    </failure>
  </testcase> <!-- clickTryHere -->
  <testcase classname="testNgTests.QueueTest" name="testPythoncodeForImplementationOfBSTPage" time="0.0">
    <skipped/>
  </testcase> <!-- testPythoncodeForImplementationOfBSTPage -->
  <testcase classname="testNgTests.QueueTest" name="testPythoncodeForImplementationOfBSTPage" time="0.0">
    <skipped/>
  </testcase> <!-- testPythoncodeForImplementationOfBSTPage -->
  <testcase classname="testNgTests.TreeTest" name="TC_03_clickTryHereForEmptyvalue" time="11.318">
    <failure type="java.lang.AssertionError" message="expected [true] but found [false]">
      <![CDATA[java.lang.AssertionError: expected [true] but found [false]
at testNgTests.TreeTest.TC_03_clickTryHereForEmptyvalue(TreeTest.java:52)
at java.base/java.util.ArrayList.forEach(ArrayList.java:1596)
... Removed 32 stack frames]]>
    </failure>
  </testcase> <!-- TC_03_clickTryHereForEmptyvalue -->
  <testcase classname="testNgTests.TreeTest" name="testPythoncodeForOverviewOfTreePage" time="1.202"/>
  <testcase classname="testNgTests.TreeTest" name="testPythoncodeForOverviewOfTreePage" time="31.067">
    <failure type="org.openqa.selenium.ElementNotInteractableException" message="element not interactable
  (Session info: chrome=133.0.6943.142)
Build info: version: &amp;apos;4.27.0&amp;apos;, revision: &amp;apos;d6e718d134&amp;apos;
System info: os.name: &amp;apos;Windows 11&amp;apos;, os.arch: &amp;apos;amd64&amp;apos;, os.version: &amp;apos;10.0&amp;apos;, java.version: &amp;apos;21.0.5&amp;apos;
Driver info: org.openqa.selenium.chrome.ChromeDriver
Command: [60411ae1192a261d55c7836698758426, sendKeysToElement {value=[Ljava.lang.CharSequence;@24e2435f, id=f.F6595BF344D5CC567EEEEFC81CDCF104.d.29801AA86BF4B4242F002695488053AF.e.38}]
Capabilities {acceptInsecureCerts: false, browserName: chrome, browserVersion: 133.0.6943.142, chrome: {chromedriverVersion: 133.0.6943.141 (2a5d6da0d61..., userDataDir: C:\Users\rakhy\AppData\Loca...}, fedcm:accounts: true, goog:chromeOptions: {debuggerAddress: localhost:62057}, networkConnectionEnabled: false, pageLoadStrategy: normal, platformName: windows, proxy: Proxy(), se:cdp: ws://localhost:62057/devtoo..., se:cdpVersion: 133.0.6943.142, setWindowRect: true, strictFileInteractability: false, timeouts: {implicit: 0, pageLoad: 300000, script: 30000}, unhandledPromptBehavior: dismiss and notify, webauthn:extension:credBlob: true, webauthn:extension:largeBlob: true, webauthn:extension:minPinLength: true, webauthn:extension:prf: true, webauthn:virtualAuthenticators: true}
Element: [[ChromeDriver: chrome on windows (60411ae1192a261d55c7836698758426)] -&amp;gt; xpath: //div[contains(@class,&amp;apos;CodeMirror&amp;apos;)]/div/textarea]
Session ID: 60411ae1192a261d55c7836698758426">
      <![CDATA[org.openqa.selenium.ElementNotInteractableException: element not interactable
  (Session info: chrome=133.0.6943.142)
Build info: version: '4.27.0', revision: 'd6e718d134'
System info: os.name: 'Windows 11', os.arch: 'amd64', os.version: '10.0', java.version: '21.0.5'
Driver info: org.openqa.selenium.chrome.ChromeDriver
Command: [60411ae1192a261d55c7836698758426, sendKeysToElement {value=[Ljava.lang.CharSequence;@24e2435f, id=f.F6595BF344D5CC567EEEEFC81CDCF104.d.29801AA86BF4B4242F002695488053AF.e.38}]
Capabilities {acceptInsecureCerts: false, browserName: chrome, browserVersion: 133.0.6943.142, chrome: {chromedriverVersion: 133.0.6943.141 (2a5d6da0d61..., userDataDir: C:\Users\rakhy\AppData\Loca...}, fedcm:accounts: true, goog:chromeOptions: {debuggerAddress: localhost:62057}, networkConnectionEnabled: false, pageLoadStrategy: normal, platformName: windows, proxy: Proxy(), se:cdp: ws://localhost:62057/devtoo..., se:cdpVersion: 133.0.6943.142, setWindowRect: true, strictFileInteractability: false, timeouts: {implicit: 0, pageLoad: 300000, script: 30000}, unhandledPromptBehavior: dismiss and notify, webauthn:extension:credBlob: true, webauthn:extension:largeBlob: true, webauthn:extension:minPinLength: true, webauthn:extension:prf: true, webauthn:virtualAuthenticators: true}
Element: [[ChromeDriver: chrome on windows (60411ae1192a261d55c7836698758426)] -> xpath: //div[contains(@class,'CodeMirror')]/div/textarea]
Session ID: 60411ae1192a261d55c7836698758426
at org.openqa.selenium.remote.ErrorCodec.decode(ErrorCodec.java:167)
at org.openqa.selenium.remote.codec.w3c.W3CHttpResponseCodec.decode(W3CHttpResponseCodec.java:138)
at org.openqa.selenium.remote.codec.w3c.W3CHttpResponseCodec.decode(W3CHttpResponseCodec.java:50)
at org.openqa.selenium.remote.HttpCommandExecutor.execute(HttpCommandExecutor.java:190)
at org.openqa.selenium.remote.service.DriverCommandExecutor.invokeExecute(DriverCommandExecutor.java:216)
at org.openqa.selenium.remote.service.DriverCommandExecutor.execute(DriverCommandExecutor.java:174)
at org.openqa.selenium.remote.RemoteWebDriver.execute(RemoteWebDriver.java:545)
at org.openqa.selenium.remote.RemoteWebElement.execute(RemoteWebElement.java:223)
at org.openqa.selenium.remote.RemoteWebElement.sendKeys(RemoteWebElement.java:110)
at pageobject.Commonpage.ValidInvalidtextEditorOperations(Commonpage.java:61)
at testNgTests.TreeTest.testPythoncodeForOverviewOfTreePage(TreeTest.java:61)
at java.base/java.util.ArrayList.forEach(ArrayList.java:1596)
... Removed 28 stack frames]]>
    </failure>
  </testcase> <!-- testPythoncodeForOverviewOfTreePage -->
  <testcase classname="testNgTests.StackTest" name="ClickImplementation" time="0.315"/>
  <testcase classname="testNgTests.QueueTest" name="TC_01_Implementationusingcollectionsdeque" time="0.0">
    <skipped/>
  </testcase> <!-- TC_01_Implementationusingcollectionsdeque -->
  <testcase classname="testNgTests.TreeTest" name="TC_01_Terminologies" time="0.31"/>
  <testcase classname="testNgTests.QueueTest" name="TC_02_ImplementationusingcollectionsdequeTryHere" time="0.0">
    <skipped/>
  </testcase> <!-- TC_02_ImplementationusingcollectionsdequeTryHere -->
  <testcase classname="testNgTests.TreeTest" name="TC_02_TerminologiesTryHere" time="0.869"/>
  <testcase classname="testNgTests.QueueTest" name="testPythoncodeForImplementationusingcollectionsdequePage" time="0.0">
    <skipped/>
  </testcase> <!-- testPythoncodeForImplementationusingcollectionsdequePage -->
  <testcase classname="testNgTests.QueueTest" name="testPythoncodeForImplementationusingcollectionsdequePage" time="0.0">
    <skipped/>
  </testcase> <!-- testPythoncodeForImplementationusingcollectionsdequePage -->
  <testcase classname="testNgTests.TreeTest" name="testPythoncodeForTerminologies" time="1.082"/>
  <testcase classname="testNgTests.TreeTest" name="testPythoncodeForTerminologies" time="11.284"/>
  <testcase classname="testNgTests.QueueTest" name="TC_01_Implementationusingarray" time="0.0">
    <skipped/>
  </testcase> <!-- TC_01_Implementationusingarray -->
  <testcase classname="testNgTests.TreeTest" name="TC_01_TypesofTreesPage" time="0.288"/>
  <testcase classname="testNgTests.QueueTest" name="TC_02_ImplementationusingarrayTryHere" time="0.0">
    <skipped/>
  </testcase> <!-- TC_02_ImplementationusingarrayTryHere -->
  <testcase classname="testNgTests.TreeTest" name="TC_02_TypesofTreesPagesTryHere" time="1.006"/>
  <testcase classname="testNgTests.QueueTest" name="testPythoncodeForImplementationusingarrayPage" time="0.0">
    <skipped/>
  </testcase> <!-- testPythoncodeForImplementationusingarrayPage -->
  <testcase classname="testNgTests.QueueTest" name="testPythoncodeForImplementationusingarrayPage" time="0.0">
    <skipped/>
  </testcase> <!-- testPythoncodeForImplementationusingarrayPage -->
  <testcase classname="testNgTests.TreeTest" name="testPythoncodeForTypesofTreesPage" time="1.101"/>
  <testcase classname="testNgTests.TreeTest" name="testPythoncodeForTypesofTreesPage" time="11.417"/>
  <testcase classname="testNgTests.QueueTest" name="TC_01_QueueOperations" time="0.0">
    <skipped/>
  </testcase> <!-- TC_01_QueueOperations -->
  <testcase classname="testNgTests.TreeTest" name="TC_01_TreeTraversalsPage" time="0.386"/>
  <testcase classname="testNgTests.QueueTest" name="TC_02_QueueOperationsTryHere" time="0.0">
    <skipped/>
  </testcase> <!-- TC_02_QueueOperationsTryHere -->
  <testcase classname="testNgTests.TreeTest" name="TC_02_TreeTraversalsPageTryHere" time="0.944"/>
  <testcase classname="testNgTests.QueueTest" name="testPythoncodeForQueueOperationsPage" time="0.0">
    <skipped/>
  </testcase> <!-- testPythoncodeForQueueOperationsPage -->
  <testcase classname="testNgTests.QueueTest" name="testPythoncodeForQueueOperationsPage" time="0.0">
    <skipped/>
  </testcase> <!-- testPythoncodeForQueueOperationsPage -->
  <testcase classname="testNgTests.TreeTest" name="testPythoncodeForTreeTraversalsPage" time="1.015"/>
  <testcase classname="testNgTests.TreeTest" name="testPythoncodeForTreeTraversalsPage" time="11.349"/>
  <testcase classname="testNgTests.QueueTest" name="TC_01_PracticeQuestions" time="0.0">
    <skipped/>
  </testcase> <!-- TC_01_PracticeQuestions -->
  <testcase classname="testNgTests.TreeTest" name="TC_01_TraversalsIllustrationsPage" time="0.308"/>
  <testcase classname="testNgTests.TreeTest" name="TC_02_TraversalsIllustrationsPageTryHere" time="0.966"/>
  <testcase classname="testNgTests.TreeTest" name="testPythoncodeForTraversalsIllustrationsPage" time="1.201"/>
  <testcase classname="testNgTests.TreeTest" name="testPythoncodeForTraversalsIllustrationsPage" time="11.383"/>
  <testcase classname="testNgTests.TreeTest" name="TC_01_BinaryTreesPage" time="0.36"/>
  <testcase classname="testNgTests.TreeTest" name="TC_02_BinaryTreesPageTryHere" time="0.94"/>
  <testcase classname="testNgTests.TreeTest" name="testPythoncodeForBinaryTreesPage" time="0.989"/>
  <testcase classname="testNgTests.TreeTest" name="testPythoncodeForBinaryTreesPage" time="11.292"/>
  <testcase classname="testNgTests.TreeTest" name="TC_01_TypesOfBinaryTrees" time="0.434"/>
  <testcase classname="testNgTests.TreeTest" name="TC_02_TypesOfBinaryTreesPageTryHere" time="1.1"/>
  <testcase classname="testNgTests.TreeTest" name="testPythoncodeForTypesOfBinaryTreesPage" time="1.178"/>
  <testcase classname="testNgTests.TreeTest" name="testPythoncodeForTypesOfBinaryTreesPage" time="11.425"/>
  <testcase classname="testNgTests.TreeTest" name="TC_01_ImplementationinPython" time="0.381"/>
  <testcase classname="testNgTests.TreeTest" name="TC_02_ImplementationinPythonPageTryHere" time="0.879"/>
  <testcase classname="testNgTests.TreeTest" name="testPythoncodeForImplementationinPythonPage" time="0.965"/>
  <testcase classname="testNgTests.TreeTest" name="testPythoncodeForImplementationinPythonPage" time="11.462"/>
  <testcase classname="testNgTests.TreeTest" name="TC_01_BinaryTreeTraversals" time="0.319"/>
  <testcase classname="testNgTests.TreeTest" name="TC_02_BinaryTreeTraversalsPageTryHere" time="0.897"/>
  <testcase classname="testNgTests.TreeTest" name="testPythoncodeForBinaryTreeTraversalsPage" time="1.1"/>
  <testcase classname="testNgTests.TreeTest" name="testPythoncodeForBinaryTreeTraversalsPage" time="11.336"/>
  <testcase classname="testNgTests.TreeTest" name="TC_01_ImplementationofBinaryTrees" time="0.312"/>
  <testcase classname="testNgTests.TreeTest" name="TC_02_ImplementationofBinaryTreesPageTryHere" time="1.149"/>
  <testcase classname="testNgTests.TreeTest" name="testPythoncodeForImplementationofBinaryTreesPage" time="1.133"/>
  <testcase classname="testNgTests.TreeTest" name="testPythoncodeForImplementationofBinaryTreesPage" time="11.306"/>
  <testcase classname="testNgTests.TreeTest" name="TC_01_ApplicationsofBinarytrees" time="0.272"/>
  <testcase classname="testNgTests.TreeTest" name="TC_02_ApplicationsofBinarytreesPageTryHere" time="0.945"/>
  <testcase classname="testNgTests.TreeTest" name="testPythoncodeForApplicationsofBinarytreesPage" time="1.13"/>
  <testcase classname="testNgTests.TreeTest" name="testPythoncodeForApplicationsofBinarytreesPage" time="11.47"/>
  <testcase classname="testNgTests.TreeTest" name="TC_01_BinarySearchTrees" time="0.926"/>
  <testcase classname="testNgTests.TreeTest" name="TC_02_BinarySearchTreesPageTryHere" time="1.074"/>
  <testcase classname="testNgTests.TreeTest" name="testPythoncodeForBinarySearchTreesPage" time="1.199"/>
  <testcase classname="testNgTests.TreeTest" name="testPythoncodeForBinarySearchTreesPage" time="11.524"/>
  <testcase classname="testNgTests.TreeTest" name="TC_01_ImplementationOfBST" time="0.306"/>
  <testcase classname="testNgTests.TreeTest" name="TC_02_ImplementationOfBSTPageTryHere" time="0.903"/>
  <testcase classname="testNgTests.TreeTest" name="testPythoncodeForImplementationOfBSTPage" time="1.067"/>
  <testcase classname="testNgTests.TreeTest" name="testPythoncodeForImplementationOfBSTPage" time="11.571"/>
  <testcase classname="testNgTests.TreeTest" name="TC_PracticeQuestions" time="0.541"/>
</testsuite> <!-- Test -->
