<?xml version="1.0" encoding="UTF-8"?>
<!-- Generated by org.testng.reporters.JUnitReportReporter -->
<testsuite hostname="SumathiLaptop" failures="1" tests="55" name="testNgTests.TreeTest" time="193.255" errors="1" timestamp="2025-03-06T21:50:02 CST" skipped="33">
  <testcase classname="testNgTests.TreeTest" name="setup" time="4.480">
    <error message="unknown error: JavaScript code failed
from unknown command: &#039;Runtime.evaluate&#039; wasn&#039;t found
  (Session info: chrome=133.0.6943.143)
Build info: version: &#039;4.27.0&#039;, revision: &#039;d6e718d134&#039;
System info: os.name: &#039;Windows 11&#039;, os.arch: &#039;amd64&#039;, os.version: &#039;10.0&#039;, java.version: &#039;21.0.5&#039;
Driver info: org.openqa.selenium.chrome.ChromeDriver
Command: [013ecf59aec0241a2037fd453f73d687, maximizeCurrentWindow {}]
Capabilities {acceptInsecureCerts: false, browserName: chrome, browserVersion: 133.0.6943.143, chrome: {chromedriverVersion: 133.0.6943.141 (2a5d6da0d61..., userDataDir: C:\Users\rakhy\AppData\Loca...}, fedcm:accounts: true, goog:chromeOptions: {debuggerAddress: localhost:49282}, networkConnectionEnabled: false, pageLoadStrategy: normal, platformName: windows, proxy: Proxy(), se:cdp: ws://localhost:49282/devtoo..., se:cdpVersion: 133.0.6943.143, setWindowRect: true, strictFileInteractability: false, timeouts: {implicit: 0, pageLoad: 300000, script: 30000}, unhandledPromptBehavior: dismiss and notify, webauthn:extension:credBlob: true, webauthn:extension:largeBlob: true, webauthn:extension:minPinLength: true, webauthn:extension:prf: true, webauthn:virtualAuthenticators: true}
Session ID: 013ecf59aec0241a2037fd453f73d687" type="org.openqa.selenium.WebDriverException">
      <![CDATA[org.openqa.selenium.WebDriverException: unknown error: JavaScript code failed
from unknown command: 'Runtime.evaluate' wasn't found
  (Session info: chrome=133.0.6943.143)
Build info: version: '4.27.0', revision: 'd6e718d134'
System info: os.name: 'Windows 11', os.arch: 'amd64', os.version: '10.0', java.version: '21.0.5'
Driver info: org.openqa.selenium.chrome.ChromeDriver
Command: [013ecf59aec0241a2037fd453f73d687, maximizeCurrentWindow {}]
Capabilities {acceptInsecureCerts: false, browserName: chrome, browserVersion: 133.0.6943.143, chrome: {chromedriverVersion: 133.0.6943.141 (2a5d6da0d61..., userDataDir: C:\Users\rakhy\AppData\Loca...}, fedcm:accounts: true, goog:chromeOptions: {debuggerAddress: localhost:49282}, networkConnectionEnabled: false, pageLoadStrategy: normal, platformName: windows, proxy: Proxy(), se:cdp: ws://localhost:49282/devtoo..., se:cdpVersion: 133.0.6943.143, setWindowRect: true, strictFileInteractability: false, timeouts: {implicit: 0, pageLoad: 300000, script: 30000}, unhandledPromptBehavior: dismiss and notify, webauthn:extension:credBlob: true, webauthn:extension:largeBlob: true, webauthn:extension:minPinLength: true, webauthn:extension:prf: true, webauthn:virtualAuthenticators: true}
Session ID: 013ecf59aec0241a2037fd453f73d687
at java.base/jdk.internal.reflect.DirectConstructorHandleAccessor.newInstance(DirectConstructorHandleAccessor.java:62)
at java.base/java.lang.reflect.Constructor.newInstanceWithCaller(Constructor.java:502)
at java.base/java.lang.reflect.Constructor.newInstance(Constructor.java:486)
at org.openqa.selenium.remote.ErrorCodec.decode(ErrorCodec.java:167)
at org.openqa.selenium.remote.codec.w3c.W3CHttpResponseCodec.decode(W3CHttpResponseCodec.java:138)
at org.openqa.selenium.remote.codec.w3c.W3CHttpResponseCodec.decode(W3CHttpResponseCodec.java:50)
at org.openqa.selenium.remote.HttpCommandExecutor.execute(HttpCommandExecutor.java:190)
at org.openqa.selenium.remote.service.DriverCommandExecutor.invokeExecute(DriverCommandExecutor.java:216)
at org.openqa.selenium.remote.service.DriverCommandExecutor.execute(DriverCommandExecutor.java:174)
at org.openqa.selenium.remote.RemoteWebDriver.execute(RemoteWebDriver.java:545)
at org.openqa.selenium.remote.RemoteWebDriver.execute(RemoteWebDriver.java:618)
at org.openqa.selenium.remote.RemoteWebDriver.execute(RemoteWebDriver.java:622)
at org.openqa.selenium.remote.RemoteWebDriver$RemoteWebDriverOptions$RemoteWindow.maximize(RemoteWebDriver.java:1061)
at webdrivermanager.DriverFactory.init_driver(DriverFactory.java:46)
at BaseClass.BaseTest.setup(BaseTest.java:48)
at java.base/jdk.internal.reflect.DirectMethodHandleAccessor.invoke(DirectMethodHandleAccessor.java:103)
at java.base/java.lang.reflect.Method.invoke(Method.java:580)
at org.testng.internal.invokers.MethodInvocationHelper.invokeMethod(MethodInvocationHelper.java:141)
at org.testng.internal.invokers.MethodInvocationHelper.invokeMethodConsideringTimeout(MethodInvocationHelper.java:71)
at org.testng.internal.invokers.ConfigInvoker.invokeConfigurationMethod(ConfigInvoker.java:400)
at org.testng.internal.invokers.ConfigInvoker.invokeConfigurations(ConfigInvoker.java:333)
at org.testng.internal.invokers.TestInvoker.runConfigMethods(TestInvoker.java:833)
at org.testng.internal.invokers.TestInvoker.invokeMethod(TestInvoker.java:600)
at org.testng.internal.invokers.TestInvoker.invokeTestMethod(TestInvoker.java:230)
at org.testng.internal.invokers.MethodRunner.runInSequence(MethodRunner.java:63)
at org.testng.internal.invokers.TestInvoker$MethodInvocationAgent.invoke(TestInvoker.java:992)
at org.testng.internal.invokers.TestInvoker.invokeTestMethods(TestInvoker.java:203)
at org.testng.internal.invokers.TestMethodWorker.invokeTestMethods(TestMethodWorker.java:154)
at org.testng.internal.invokers.TestMethodWorker.run(TestMethodWorker.java:134)
at java.base/java.util.ArrayList.forEach(ArrayList.java:1596)
at org.testng.TestRunner.privateRun(TestRunner.java:739)
at org.testng.TestRunner.run(TestRunner.java:614)
at org.testng.SuiteRunner.runTest(SuiteRunner.java:421)
at org.testng.SuiteRunner.runSequentially(SuiteRunner.java:413)
at org.testng.SuiteRunner.privateRun(SuiteRunner.java:373)
at org.testng.SuiteRunner.run(SuiteRunner.java:312)
at org.testng.SuiteRunnerWorker.runSuite(SuiteRunnerWorker.java:52)
at org.testng.SuiteRunnerWorker.run(SuiteRunnerWorker.java:95)
at org.testng.TestNG.runSuitesSequentially(TestNG.java:1274)
at org.testng.TestNG.runSuitesLocally(TestNG.java:1208)
at org.testng.TestNG.runSuites(TestNG.java:1112)
at org.testng.TestNG.run(TestNG.java:1079)
at org.testng.remote.AbstractRemoteTestNG.run(AbstractRemoteTestNG.java:115)
at org.testng.remote.RemoteTestNG.initAndRun(RemoteTestNG.java:293)
at org.testng.remote.RemoteTestNG.main(RemoteTestNG.java:91)
]]>
    </error>
  </testcase> <!-- setup -->
  <testcase classname="testNgTests.TreeTest" name="TC_01_OverviewOfTrees" time="3.390"/>
  <testcase classname="testNgTests.TreeTest" name="TC_02_OverviewOfTreesTryHere" time="3.355"/>
  <testcase classname="testNgTests.TreeTest" name="TC_03_clickTryHereForEmptyvalue" time="13.754">
    <failure message="expected [true] but found [false]" type="java.lang.AssertionError">
      <![CDATA[java.lang.AssertionError: expected [true] but found [false]
at org.testng.Assert.fail(Assert.java:111)
at org.testng.Assert.failNotEquals(Assert.java:1578)
at org.testng.Assert.assertEqualsImpl(Assert.java:150)
at org.testng.Assert.assertEquals(Assert.java:132)
at org.testng.Assert.assertEquals(Assert.java:1067)
at org.testng.Assert.assertEquals(Assert.java:1031)
at org.testng.Assert.assertEquals(Assert.java:1077)
at testNgTests.TreeTest.TC_03_clickTryHereForEmptyvalue(TreeTest.java:52)
at java.base/jdk.internal.reflect.DirectMethodHandleAccessor.invoke(DirectMethodHandleAccessor.java:103)
at java.base/java.lang.reflect.Method.invoke(Method.java:580)
at org.testng.internal.invokers.MethodInvocationHelper.invokeMethod(MethodInvocationHelper.java:141)
at org.testng.internal.invokers.TestInvoker.invokeMethod(TestInvoker.java:686)
at org.testng.internal.invokers.TestInvoker.invokeTestMethod(TestInvoker.java:230)
at org.testng.internal.invokers.MethodRunner.runInSequence(MethodRunner.java:63)
at org.testng.internal.invokers.TestInvoker$MethodInvocationAgent.invoke(TestInvoker.java:992)
at org.testng.internal.invokers.TestInvoker.invokeTestMethods(TestInvoker.java:203)
at org.testng.internal.invokers.TestMethodWorker.invokeTestMethods(TestMethodWorker.java:154)
at org.testng.internal.invokers.TestMethodWorker.run(TestMethodWorker.java:134)
at java.base/java.util.ArrayList.forEach(ArrayList.java:1596)
at org.testng.TestRunner.privateRun(TestRunner.java:739)
at org.testng.TestRunner.run(TestRunner.java:614)
at org.testng.SuiteRunner.runTest(SuiteRunner.java:421)
at org.testng.SuiteRunner.runSequentially(SuiteRunner.java:413)
at org.testng.SuiteRunner.privateRun(SuiteRunner.java:373)
at org.testng.SuiteRunner.run(SuiteRunner.java:312)
at org.testng.SuiteRunnerWorker.runSuite(SuiteRunnerWorker.java:52)
at org.testng.SuiteRunnerWorker.run(SuiteRunnerWorker.java:95)
at org.testng.TestNG.runSuitesSequentially(TestNG.java:1274)
at org.testng.TestNG.runSuitesLocally(TestNG.java:1208)
at org.testng.TestNG.runSuites(TestNG.java:1112)
at org.testng.TestNG.run(TestNG.java:1079)
at org.testng.remote.AbstractRemoteTestNG.run(AbstractRemoteTestNG.java:115)
at org.testng.remote.RemoteTestNG.initAndRun(RemoteTestNG.java:293)
at org.testng.remote.RemoteTestNG.main(RemoteTestNG.java:91)
]]>
    </failure>
  </testcase> <!-- TC_03_clickTryHereForEmptyvalue -->
  <testcase classname="testNgTests.TreeTest" name="testPythoncodeForOverviewOfTreePage" time="4.622"/>
  <testcase classname="testNgTests.TreeTest" name="testPythoncodeForOverviewOfTreePage" time="16.867"/>
  <testcase classname="testNgTests.TreeTest" name="TC_01_Terminologies" time="5.910"/>
  <testcase classname="testNgTests.TreeTest" name="TC_02_TerminologiesTryHere" time="6.398"/>
  <testcase classname="testNgTests.TreeTest" name="testPythoncodeForTerminologies" time="6.486"/>
  <testcase classname="testNgTests.TreeTest" name="testPythoncodeForTerminologies" time="16.951"/>
  <testcase classname="testNgTests.TreeTest" name="TC_01_TypesofTreesPage" time="5.902"/>
  <testcase classname="testNgTests.TreeTest" name="TC_02_TypesofTreesPagesTryHere" time="6.694"/>
  <testcase classname="testNgTests.TreeTest" name="testPythoncodeForTypesofTreesPage" time="3.774"/>
  <testcase classname="testNgTests.TreeTest" name="testPythoncodeForTypesofTreesPage" time="17.150"/>
  <testcase classname="testNgTests.TreeTest" name="TC_01_TreeTraversalsPage" time="5.787"/>
  <testcase classname="testNgTests.TreeTest" name="TC_02_TreeTraversalsPageTryHere" time="5.063"/>
  <testcase classname="testNgTests.TreeTest" name="testPythoncodeForTreeTraversalsPage" time="6.799"/>
  <testcase classname="testNgTests.TreeTest" name="testPythoncodeForTreeTraversalsPage" time="17.011"/>
  <testcase classname="testNgTests.TreeTest" name="TC_01_TraversalsIllustrationsPage" time="3.158"/>
  <testcase classname="testNgTests.TreeTest" name="TC_02_TraversalsIllustrationsPageTryHere" time="6.617"/>
  <testcase classname="testNgTests.TreeTest" name="testPythoncodeForTraversalsIllustrationsPage" time="6.587"/>
  <testcase classname="testNgTests.TreeTest" name="testPythoncodeForTraversalsIllustrationsPage" time="26.499"/>
  <testcase classname="testNgTests.TreeTest" name="TC_01_BinaryTreesPage" time="0.000">
    <skipped/>
  </testcase> <!-- TC_01_BinaryTreesPage -->
  <testcase classname="testNgTests.TreeTest" name="TC_02_BinaryTreesPageTryHere" time="0.000">
    <skipped/>
  </testcase> <!-- TC_02_BinaryTreesPageTryHere -->
  <testcase classname="testNgTests.TreeTest" name="testPythoncodeForBinaryTreesPage" time="0.000">
    <skipped/>
  </testcase> <!-- testPythoncodeForBinaryTreesPage -->
  <testcase classname="testNgTests.TreeTest" name="testPythoncodeForBinaryTreesPage" time="0.000">
    <skipped/>
  </testcase> <!-- testPythoncodeForBinaryTreesPage -->
  <testcase classname="testNgTests.TreeTest" name="TC_01_TypesOfBinaryTrees" time="0.001">
    <skipped/>
  </testcase> <!-- TC_01_TypesOfBinaryTrees -->
  <testcase classname="testNgTests.TreeTest" name="TC_02_TypesOfBinaryTreesPageTryHere" time="0.000">
    <skipped/>
  </testcase> <!-- TC_02_TypesOfBinaryTreesPageTryHere -->
  <testcase classname="testNgTests.TreeTest" name="testPythoncodeForTypesOfBinaryTreesPage" time="0.000">
    <skipped/>
  </testcase> <!-- testPythoncodeForTypesOfBinaryTreesPage -->
  <testcase classname="testNgTests.TreeTest" name="testPythoncodeForTypesOfBinaryTreesPage" time="0.000">
    <skipped/>
  </testcase> <!-- testPythoncodeForTypesOfBinaryTreesPage -->
  <testcase classname="testNgTests.TreeTest" name="TC_01_ImplementationinPython" time="0.000">
    <skipped/>
  </testcase> <!-- TC_01_ImplementationinPython -->
  <testcase classname="testNgTests.TreeTest" name="TC_02_ImplementationinPythonPageTryHere" time="0.000">
    <skipped/>
  </testcase> <!-- TC_02_ImplementationinPythonPageTryHere -->
  <testcase classname="testNgTests.TreeTest" name="testPythoncodeForImplementationinPythonPage" time="0.000">
    <skipped/>
  </testcase> <!-- testPythoncodeForImplementationinPythonPage -->
  <testcase classname="testNgTests.TreeTest" name="testPythoncodeForImplementationinPythonPage" time="0.000">
    <skipped/>
  </testcase> <!-- testPythoncodeForImplementationinPythonPage -->
  <testcase classname="testNgTests.TreeTest" name="TC_01_BinaryTreeTraversals" time="0.000">
    <skipped/>
  </testcase> <!-- TC_01_BinaryTreeTraversals -->
  <testcase classname="testNgTests.TreeTest" name="TC_02_BinaryTreeTraversalsPageTryHere" time="0.000">
    <skipped/>
  </testcase> <!-- TC_02_BinaryTreeTraversalsPageTryHere -->
  <testcase classname="testNgTests.TreeTest" name="testPythoncodeForBinaryTreeTraversalsPage" time="0.000">
    <skipped/>
  </testcase> <!-- testPythoncodeForBinaryTreeTraversalsPage -->
  <testcase classname="testNgTests.TreeTest" name="testPythoncodeForBinaryTreeTraversalsPage" time="0.000">
    <skipped/>
  </testcase> <!-- testPythoncodeForBinaryTreeTraversalsPage -->
  <testcase classname="testNgTests.TreeTest" name="TC_01_ImplementationofBinaryTrees" time="0.000">
    <skipped/>
  </testcase> <!-- TC_01_ImplementationofBinaryTrees -->
  <testcase classname="testNgTests.TreeTest" name="TC_02_ImplementationofBinaryTreesPageTryHere" time="0.000">
    <skipped/>
  </testcase> <!-- TC_02_ImplementationofBinaryTreesPageTryHere -->
  <testcase classname="testNgTests.TreeTest" name="testPythoncodeForImplementationofBinaryTreesPage" time="0.000">
    <skipped/>
  </testcase> <!-- testPythoncodeForImplementationofBinaryTreesPage -->
  <testcase classname="testNgTests.TreeTest" name="testPythoncodeForImplementationofBinaryTreesPage" time="0.000">
    <skipped/>
  </testcase> <!-- testPythoncodeForImplementationofBinaryTreesPage -->
  <testcase classname="testNgTests.TreeTest" name="TC_01_ApplicationsofBinarytrees" time="0.000">
    <skipped/>
  </testcase> <!-- TC_01_ApplicationsofBinarytrees -->
  <testcase classname="testNgTests.TreeTest" name="TC_02_ApplicationsofBinarytreesPageTryHere" time="0.000">
    <skipped/>
  </testcase> <!-- TC_02_ApplicationsofBinarytreesPageTryHere -->
  <testcase classname="testNgTests.TreeTest" name="testPythoncodeForApplicationsofBinarytreesPage" time="0.000">
    <skipped/>
  </testcase> <!-- testPythoncodeForApplicationsofBinarytreesPage -->
  <testcase classname="testNgTests.TreeTest" name="testPythoncodeForApplicationsofBinarytreesPage" time="0.000">
    <skipped/>
  </testcase> <!-- testPythoncodeForApplicationsofBinarytreesPage -->
  <testcase classname="testNgTests.TreeTest" name="TC_01_BinarySearchTrees" time="0.000">
    <skipped/>
  </testcase> <!-- TC_01_BinarySearchTrees -->
  <testcase classname="testNgTests.TreeTest" name="TC_02_BinarySearchTreesPageTryHere" time="0.000">
    <skipped/>
  </testcase> <!-- TC_02_BinarySearchTreesPageTryHere -->
  <testcase classname="testNgTests.TreeTest" name="testPythoncodeForBinarySearchTreesPage" time="0.000">
    <skipped/>
  </testcase> <!-- testPythoncodeForBinarySearchTreesPage -->
  <testcase classname="testNgTests.TreeTest" name="testPythoncodeForBinarySearchTreesPage" time="0.000">
    <skipped/>
  </testcase> <!-- testPythoncodeForBinarySearchTreesPage -->
  <testcase classname="testNgTests.TreeTest" name="TC_01_ImplementationOfBST" time="0.000">
    <skipped/>
  </testcase> <!-- TC_01_ImplementationOfBST -->
  <testcase classname="testNgTests.TreeTest" name="TC_02_ImplementationOfBSTPageTryHere" time="0.000">
    <skipped/>
  </testcase> <!-- TC_02_ImplementationOfBSTPageTryHere -->
  <testcase classname="testNgTests.TreeTest" name="testPythoncodeForImplementationOfBSTPage" time="0.000">
    <skipped/>
  </testcase> <!-- testPythoncodeForImplementationOfBSTPage -->
  <testcase classname="testNgTests.TreeTest" name="testPythoncodeForImplementationOfBSTPage" time="0.000">
    <skipped/>
  </testcase> <!-- testPythoncodeForImplementationOfBSTPage -->
  <testcase classname="testNgTests.TreeTest" name="TC_PracticeQuestions" time="0.000">
    <skipped/>
  </testcase> <!-- TC_PracticeQuestions -->
</testsuite> <!-- testNgTests.TreeTest -->
